Using pre-set license
Built from '2020.3/staging' branch; Version is '2020.3.13f1 (71691879b7f5) revision 7432472'; Using compiler version '192528614'; Build Type 'Release'
OS: 'Windows 10 Home; OS build 19042.1288; Version 2009; 64bit' Language: 'ko' Physical Memory: 16233 MB
BatchMode: 1, IsHumanControllingUs: 0, StartBugReporterOnCrash: 0, Is64bit: 1, IsPro: 0

 COMMAND LINE ARGUMENTS:
D:\unity\2020.3.13f1\Editor\Unity.exe
-adb2
-batchMode
-noUpm
-name
AssetImportWorker0
-projectPath
D:/00.made by me/HelpCar/CarProject
-logFile
Logs/AssetImportWorker0.log
-srvPort
63145
Successfully changed project path to: D:/00.made by me/HelpCar/CarProject
D:/00.made by me/HelpCar/CarProject
Using Asset Import Pipeline V2.
Refreshing native plugins compatible for Editor in 38.23 ms, found 3 plugins.
Preloading 0 native plugins for Editor in 0.00 ms.
Initialize engine version: 2020.3.13f1 (71691879b7f5)
[Subsystems] Discovering subsystems at path D:/unity/2020.3.13f1/Editor/Data/Resources/UnitySubsystems
[Subsystems] Discovering subsystems at path D:/00.made by me/HelpCar/CarProject/Assets
GfxDevice: creating device client; threaded=0
Direct3D:
    Version:  Direct3D 11.0 [level 11.1]
    Renderer: NVIDIA GeForce RTX 2060 (ID=0x1f11)
    Vendor:   
    VRAM:     5980 MB
    Driver:   27.21.14.5763
Initialize mono
Mono path[0] = 'D:/unity/2020.3.13f1/Editor/Data/Managed'
Mono path[1] = 'D:/unity/2020.3.13f1/Editor/Data/MonoBleedingEdge/lib/mono/unityjit'
Mono config path = 'D:/unity/2020.3.13f1/Editor/Data/MonoBleedingEdge/etc'
Using monoOptions --debugger-agent=transport=dt_socket,embedding=1,server=y,suspend=n,address=127.0.0.1:56128
Begin MonoManager ReloadAssembly
Registering precompiled unity dll's ...
Register platform support module: D:/unity/2020.3.13f1/Editor/Data/PlaybackEngines/WindowsStandaloneSupport/UnityEditor.WindowsStandalone.Extensions.dll
Registered in 0.002144 seconds.
Native extension for WindowsStandalone target not found
Refreshing native plugins compatible for Editor in 36.88 ms, found 3 plugins.
Preloading 0 native plugins for Editor in 0.00 ms.
Mono: successfully reloaded assembly
- Completed reload, in  1.969 seconds
Platform modules already initialized, skipping
Registering precompiled user dll's ...
Registered in 0.003622 seconds.
Begin MonoManager ReloadAssembly
Native extension for WindowsStandalone target not found
Refreshing native plugins compatible for Editor in 38.41 ms, found 3 plugins.
Preloading 0 native plugins for Editor in 0.00 ms.
Mono: successfully reloaded assembly
- Completed reload, in  1.075 seconds
Platform modules already initialized, skipping
========================================================================
Worker process is ready to serve import requests
Launched and connected shader compiler UnityShaderCompiler.exe after 0.06 seconds
Refreshing native plugins compatible for Editor in 0.39 ms, found 3 plugins.
Preloading 0 native plugins for Editor in 0.00 ms.
Unloading 2084 Unused Serialized files (Serialized files now loaded: 0)
System memory in use before: 92.9 MB.
System memory in use after: 92.8 MB.

Unloading 33 unused Assets to reduce memory usage. Loaded Objects now: 2517.
Total: 2.403000 ms (FindLiveObjects: 0.189300 ms CreateObjectMapping: 0.063100 ms MarkObjects: 2.034600 ms  DeleteObjects: 0.115100 ms)

AssetImportParameters requested are different than current active one (requested -> active):
  custom:framework-win-MediaFoundation: 216162199b28c13a410421893ffa2e32 -> 
  custom:video-decoder-ogg-theora: a1e56fd34408186e4bbccfd4996cb3dc -> 
  custom:container-muxer-webm: aa71ff27fc2769a1b78a27578f13a17b -> 
  custom:container-demuxer-webm: 4f35f7cbe854078d1ac9338744f61a02 -> 
  custom:container-demuxer-ogg: 62fdf1f143b41e24485cea50d1cbac27 -> 
  custom:video-encoder-webm-vp8: eb34c28f22e8b96e1ab97ce403110664 -> 
  custom:video-decoder-webm-vp8: 9c59270c3fd7afecdb556c50c9e8de78 -> 
  custom:audio-decoder-ogg-vorbis: bf7c407c2cedff20999df2af8eb42d56 -> 
  custom:audio-encoder-webm-vorbis: bf7c407c2cedff20999df2af8eb42d56 -> 
========================================================================
Received Import Request.
  path: Assets/00.Scenes
  artifactKey: Guid(47817444bbe4c5641ad42395dec63b7f) Importer(815301076,1909f56bfc062723c751e8b465ee728b)
Start importing Assets/00.Scenes using Guid(47817444bbe4c5641ad42395dec63b7f) Importer(815301076,1909f56bfc062723c751e8b465ee728b)  -> (artifact id: 'd4771d62cfb90b9cb660afdba1cbc893') in 0.010974 seconds 
  Import took 0.013910 seconds .

========================================================================
Received Import Request.
  Time since last request: 0.882666 seconds.
  path: Assets
  artifactKey: Guid(00000000000000001000000000000000) Importer(815301076,1909f56bfc062723c751e8b465ee728b)
Start importing Assets using Guid(00000000000000001000000000000000) Importer(815301076,1909f56bfc062723c751e8b465ee728b)  -> (artifact id: '42d402b061de3733987d63b9cc3b64de') in 0.008750 seconds 
  Import took 0.012406 seconds .

========================================================================
Received Import Request.
  Time since last request: 9.627850 seconds.
  path: Assets/01.Script
  artifactKey: Guid(0fd5819b02a2aa4468fb3884038088ea) Importer(815301076,1909f56bfc062723c751e8b465ee728b)
Start importing Assets/01.Script using Guid(0fd5819b02a2aa4468fb3884038088ea) Importer(815301076,1909f56bfc062723c751e8b465ee728b)  -> (artifact id: 'd7f6526e09208ec1f41e9f8b2c171e93') in 0.007981 seconds 
  Import took 0.011164 seconds .

========================================================================
Received Import Request.
  Time since last request: 1.483651 seconds.
  path: Assets/02.Sprite
  artifactKey: Guid(e086d4e5e0a88cd48a9eb4791b7cd62b) Importer(815301076,1909f56bfc062723c751e8b465ee728b)
Start importing Assets/02.Sprite using Guid(e086d4e5e0a88cd48a9eb4791b7cd62b) Importer(815301076,1909f56bfc062723c751e8b465ee728b)  -> (artifact id: '0821fff852e966b4de1784471be025f4') in 0.011498 seconds 
  Import took 0.014810 seconds .

========================================================================
Received Import Request.
  Time since last request: 14.699753 seconds.
  path: Assets/02.Sprite/Car.png
  artifactKey: Guid(6a222429e6b07d74da76f6969950d7b3) Importer(815301076,1909f56bfc062723c751e8b465ee728b)
Start importing Assets/02.Sprite/Car.png using Guid(6a222429e6b07d74da76f6969950d7b3) Importer(815301076,1909f56bfc062723c751e8b465ee728b)  -> (artifact id: 'c016ba436c243fa366e669f5a6b76206') in 0.180871 seconds 
  Import took 0.184106 seconds .

========================================================================
Received Import Request.
  Time since last request: 1.612520 seconds.
  path: Assets/02.Sprite/Bus.png
  artifactKey: Guid(099704f34fbd1a64d83d5bd62d7b97e5) Importer(815301076,1909f56bfc062723c751e8b465ee728b)
Start importing Assets/02.Sprite/Bus.png using Guid(099704f34fbd1a64d83d5bd62d7b97e5) Importer(815301076,1909f56bfc062723c751e8b465ee728b)  -> (artifact id: 'de997e0aeb19598b85cac0a25011069d') in 0.025536 seconds 
  Import took 0.028735 seconds .

========================================================================
Received Prepare
Registering precompiled user dll's ...
Registered in 0.004050 seconds.
Begin MonoManager ReloadAssembly
Native extension for WindowsStandalone target not found
Refreshing native plugins compatible for Editor in 0.43 ms, found 3 plugins.
Preloading 0 native plugins for Editor in 0.00 ms.
Mono: successfully reloaded assembly
- Completed reload, in  1.230 seconds
Platform modules already initialized, skipping
Switching build target platform(19) subTarget(0) extendedPlatform(0) -> platform(13) subTarget(537395200) extendedPlatform(0)
Refreshing native plugins compatible for Editor in 1.31 ms, found 3 plugins.
Preloading 0 native plugins for Editor in 0.00 ms.
Unloading 2083 Unused Serialized files (Serialized files now loaded: 0)
System memory in use before: 95.8 MB.
System memory in use after: 95.8 MB.

Unloading 21 unused Assets to reduce memory usage. Loaded Objects now: 2529.
Total: 2.926900 ms (FindLiveObjects: 0.232200 ms CreateObjectMapping: 0.104800 ms MarkObjects: 2.462500 ms  DeleteObjects: 0.125100 ms)

AssetImportParameters requested are different than current active one (requested -> active):
  custom:framework-win-MediaFoundation: 216162199b28c13a410421893ffa2e32 -> 
  custom:video-decoder-ogg-theora: a1e56fd34408186e4bbccfd4996cb3dc -> 
  custom:container-muxer-webm: aa71ff27fc2769a1b78a27578f13a17b -> 
  custom:container-demuxer-webm: 4f35f7cbe854078d1ac9338744f61a02 -> 
  custom:container-demuxer-ogg: 62fdf1f143b41e24485cea50d1cbac27 -> 
  custom:video-encoder-webm-vp8: eb34c28f22e8b96e1ab97ce403110664 -> 
  custom:video-decoder-webm-vp8: 9c59270c3fd7afecdb556c50c9e8de78 -> 
  custom:graphics/normal-map-encoding: 01000000000000000000000000000000 -> 02000000000000000000000000000000
  custom:audio-decoder-ogg-vorbis: bf7c407c2cedff20999df2af8eb42d56 -> 
  custom:audio-encoder-webm-vorbis: bf7c407c2cedff20999df2af8eb42d56 -> 
========================================================================
Received Prepare
Refreshing native plugins compatible for Editor in 4.06 ms, found 3 plugins.
Preloading 0 native plugins for Editor in 0.00 ms.
Unloading 19 Unused Serialized files (Serialized files now loaded: 0)
System memory in use before: 55.1 MB.
System memory in use after: 55.1 MB.

Unloading 19 unused Assets to reduce memory usage. Loaded Objects now: 2529.
Total: 2.669000 ms (FindLiveObjects: 0.208800 ms CreateObjectMapping: 0.084100 ms MarkObjects: 2.262700 ms  DeleteObjects: 0.112400 ms)

AssetImportParameters requested are different than current active one (requested -> active):
  custom:framework-win-MediaFoundation: 216162199b28c13a410421893ffa2e32 -> 
  custom:video-decoder-ogg-theora: a1e56fd34408186e4bbccfd4996cb3dc -> 
  custom:container-muxer-webm: aa71ff27fc2769a1b78a27578f13a17b -> 
  custom:container-demuxer-webm: 4f35f7cbe854078d1ac9338744f61a02 -> 
  custom:container-demuxer-ogg: 62fdf1f143b41e24485cea50d1cbac27 -> 
  custom:video-encoder-webm-vp8: eb34c28f22e8b96e1ab97ce403110664 -> 
  custom:video-decoder-webm-vp8: 9c59270c3fd7afecdb556c50c9e8de78 -> 
  custom:audio-decoder-ogg-vorbis: bf7c407c2cedff20999df2af8eb42d56 -> 
  custom:audio-encoder-webm-vorbis: bf7c407c2cedff20999df2af8eb42d56 -> 
========================================================================
Received Import Request.
  Time since last request: 137.305000 seconds.
  path: Assets/02.Sprite/Bus.png
  artifactKey: Guid(099704f34fbd1a64d83d5bd62d7b97e5) Importer(815301076,1909f56bfc062723c751e8b465ee728b)
Start importing Assets/02.Sprite/Bus.png using Guid(099704f34fbd1a64d83d5bd62d7b97e5) Importer(815301076,1909f56bfc062723c751e8b465ee728b)  -> (artifact id: 'b96aa6c03f5a72d1885bf891b1251cbf') in 0.062931 seconds 
  Import took 0.066436 seconds .

========================================================================
Received Import Request.
  Time since last request: 0.000214 seconds.
  path: Assets/02.Sprite/Car.png
  artifactKey: Guid(6a222429e6b07d74da76f6969950d7b3) Importer(815301076,1909f56bfc062723c751e8b465ee728b)
Start importing Assets/02.Sprite/Car.png using Guid(6a222429e6b07d74da76f6969950d7b3) Importer(815301076,1909f56bfc062723c751e8b465ee728b)  -> (artifact id: '7da849d03b7782f75cd79cd9e8a29830') in 0.024130 seconds 
  Import took 0.027793 seconds .

========================================================================
Received Import Request.
  Time since last request: 70.305854 seconds.
  path: Assets/00.Scenes/SampleScene.unity
  artifactKey: Guid(2cda990e2423bbf4892e6590ba056729) Importer(815301076,1909f56bfc062723c751e8b465ee728b)
Start importing Assets/00.Scenes/SampleScene.unity using Guid(2cda990e2423bbf4892e6590ba056729) Importer(815301076,1909f56bfc062723c751e8b465ee728b)  -> (artifact id: 'aa27944bdea339c97c39027c7eea529c') in 0.011145 seconds 
  Import took 0.014464 seconds .

========================================================================
Received Import Request.
  Time since last request: 3.754565 seconds.
  path: Assets/00.Scenes/Main.unity
  artifactKey: Guid(2cda990e2423bbf4892e6590ba056729) Importer(815301076,1909f56bfc062723c751e8b465ee728b)
Start importing Assets/00.Scenes/Main.unity using Guid(2cda990e2423bbf4892e6590ba056729) Importer(815301076,1909f56bfc062723c751e8b465ee728b)  -> (artifact id: '2063302bb151951eba0362b8067fa1a0') in 0.008256 seconds 
  Import took 0.011583 seconds .

========================================================================
Received Import Request.
  Time since last request: 2048.368659 seconds.
  path: Assets/02.Sprite/Bus.png
  artifactKey: Guid(099704f34fbd1a64d83d5bd62d7b97e5) Importer(815301076,1909f56bfc062723c751e8b465ee728b)
Start importing Assets/02.Sprite/Bus.png using Guid(099704f34fbd1a64d83d5bd62d7b97e5) Importer(815301076,1909f56bfc062723c751e8b465ee728b)  -> (artifact id: 'dd9c9fe6ba3e05586ee956225f6d28fd') in 0.038394 seconds 
  Import took 0.042395 seconds .

AssetImportWorkerClient::OnTransportError - code=2 error=End of file
