Using pre-set license
Built from '2020.3/staging' branch; Version is '2020.3.13f1 (71691879b7f5) revision 7432472'; Using compiler version '192528614'; Build Type 'Release'
OS: 'Windows 10 Home; OS build 19042.1288; Version 2009; 64bit' Language: 'ko' Physical Memory: 16233 MB
BatchMode: 1, IsHumanControllingUs: 0, StartBugReporterOnCrash: 0, Is64bit: 1, IsPro: 0

 COMMAND LINE ARGUMENTS:
D:\unity\2020.3.13f1\Editor\Unity.exe
-adb2
-batchMode
-noUpm
-name
AssetImportWorker0
-projectPath
D:/00.made by me/HelpCar/SosProject/CarProject
-logFile
Logs/AssetImportWorker0.log
-srvPort
63507
Successfully changed project path to: D:/00.made by me/HelpCar/SosProject/CarProject
D:/00.made by me/HelpCar/SosProject/CarProject
Using Asset Import Pipeline V2.
Refreshing native plugins compatible for Editor in 38.92 ms, found 3 plugins.
Preloading 0 native plugins for Editor in 0.00 ms.
Initialize engine version: 2020.3.13f1 (71691879b7f5)
[Subsystems] Discovering subsystems at path D:/unity/2020.3.13f1/Editor/Data/Resources/UnitySubsystems
[Subsystems] Discovering subsystems at path D:/00.made by me/HelpCar/SosProject/CarProject/Assets
GfxDevice: creating device client; threaded=0
Direct3D:
    Version:  Direct3D 11.0 [level 11.1]
    Renderer: NVIDIA GeForce RTX 2060 (ID=0x1f11)
    Vendor:   
    VRAM:     5980 MB
    Driver:   27.21.14.5763
Initialize mono
Mono path[0] = 'D:/unity/2020.3.13f1/Editor/Data/Managed'
Mono path[1] = 'D:/unity/2020.3.13f1/Editor/Data/MonoBleedingEdge/lib/mono/unityjit'
Mono config path = 'D:/unity/2020.3.13f1/Editor/Data/MonoBleedingEdge/etc'
Using monoOptions --debugger-agent=transport=dt_socket,embedding=1,server=y,suspend=n,address=127.0.0.1:56232
Begin MonoManager ReloadAssembly
Registering precompiled unity dll's ...
Register platform support module: D:/unity/2020.3.13f1/Editor/Data/PlaybackEngines/WindowsStandaloneSupport/UnityEditor.WindowsStandalone.Extensions.dll
Registered in 0.002137 seconds.
Native extension for WindowsStandalone target not found
Refreshing native plugins compatible for Editor in 37.70 ms, found 3 plugins.
Preloading 0 native plugins for Editor in 0.00 ms.
Mono: successfully reloaded assembly
- Completed reload, in  2.070 seconds
Platform modules already initialized, skipping
Registering precompiled user dll's ...
Registered in 0.004314 seconds.
Begin MonoManager ReloadAssembly
Native extension for WindowsStandalone target not found
Refreshing native plugins compatible for Editor in 39.60 ms, found 3 plugins.
Preloading 0 native plugins for Editor in 0.00 ms.
Mono: successfully reloaded assembly
- Completed reload, in  1.115 seconds
Platform modules already initialized, skipping
========================================================================
Worker process is ready to serve import requests
Launched and connected shader compiler UnityShaderCompiler.exe after 0.06 seconds
Refreshing native plugins compatible for Editor in 0.44 ms, found 3 plugins.
Preloading 0 native plugins for Editor in 0.00 ms.
Unloading 2085 Unused Serialized files (Serialized files now loaded: 0)
System memory in use before: 92.9 MB.
System memory in use after: 92.9 MB.

Unloading 33 unused Assets to reduce memory usage. Loaded Objects now: 2517.
Total: 2.601300 ms (FindLiveObjects: 0.200100 ms CreateObjectMapping: 0.065900 ms MarkObjects: 2.108000 ms  DeleteObjects: 0.226100 ms)

AssetImportParameters requested are different than current active one (requested -> active):
  custom:framework-win-MediaFoundation: 216162199b28c13a410421893ffa2e32 -> 
  custom:video-decoder-ogg-theora: a1e56fd34408186e4bbccfd4996cb3dc -> 
  custom:container-muxer-webm: aa71ff27fc2769a1b78a27578f13a17b -> 
  custom:container-demuxer-webm: 4f35f7cbe854078d1ac9338744f61a02 -> 
  custom:container-demuxer-ogg: 62fdf1f143b41e24485cea50d1cbac27 -> 
  custom:video-encoder-webm-vp8: eb34c28f22e8b96e1ab97ce403110664 -> 
  custom:video-decoder-webm-vp8: 9c59270c3fd7afecdb556c50c9e8de78 -> 
  custom:audio-decoder-ogg-vorbis: bf7c407c2cedff20999df2af8eb42d56 -> 
  custom:audio-encoder-webm-vorbis: bf7c407c2cedff20999df2af8eb42d56 -> 
========================================================================
Received Import Request.
  path: Assets/03.Prefab
  artifactKey: Guid(280b33202431a514783baeff46a10aeb) Importer(815301076,1909f56bfc062723c751e8b465ee728b)
Start importing Assets/03.Prefab using Guid(280b33202431a514783baeff46a10aeb) Importer(815301076,1909f56bfc062723c751e8b465ee728b)  -> (artifact id: '62bb3c00d3e911ba2534654fe7d5314b') in 0.011360 seconds 
  Import took 0.015051 seconds .

========================================================================
Received Import Request.
  Time since last request: 5.669260 seconds.
  path: Assets/03.Prefab/Bus.prefab
  artifactKey: Guid(9a471e9d6d7fed8499de1b06e223012e) Importer(815301076,1909f56bfc062723c751e8b465ee728b)
Start importing Assets/03.Prefab/Bus.prefab using Guid(9a471e9d6d7fed8499de1b06e223012e) Importer(815301076,1909f56bfc062723c751e8b465ee728b)  -> (artifact id: 'd576f7df1ac145e3e58d9a3be21d786e') in 0.122803 seconds 
  Import took 0.127395 seconds .

========================================================================
Received Import Request.
  Time since last request: 1.225501 seconds.
  path: Assets/03.Prefab/Car.prefab
  artifactKey: Guid(24cc59c50d898df43a1cbabe3e16f5f7) Importer(815301076,1909f56bfc062723c751e8b465ee728b)
Start importing Assets/03.Prefab/Car.prefab using Guid(24cc59c50d898df43a1cbabe3e16f5f7) Importer(815301076,1909f56bfc062723c751e8b465ee728b)  -> (artifact id: '5ea8e2c5e1c6b29212e90a8b3f052545') in 0.021234 seconds 
  Import took 0.024537 seconds .

========================================================================
Received Import Request.
  Time since last request: 23.990641 seconds.
  path: Assets/03.Prefab/Bus.prefab
  artifactKey: Guid(9a471e9d6d7fed8499de1b06e223012e) Importer(815301076,1909f56bfc062723c751e8b465ee728b)
Start importing Assets/03.Prefab/Bus.prefab using Guid(9a471e9d6d7fed8499de1b06e223012e) Importer(815301076,1909f56bfc062723c751e8b465ee728b)  -> (artifact id: '720c3d14246b5a3fdf1a2206b7eb7afa') in 0.023943 seconds 
  Import took 0.028092 seconds .

========================================================================
Received Import Request.
  Time since last request: 0.000295 seconds.
  path: Assets/03.Prefab/Car.prefab
  artifactKey: Guid(24cc59c50d898df43a1cbabe3e16f5f7) Importer(815301076,1909f56bfc062723c751e8b465ee728b)
Start importing Assets/03.Prefab/Car.prefab using Guid(24cc59c50d898df43a1cbabe3e16f5f7) Importer(815301076,1909f56bfc062723c751e8b465ee728b)  -> (artifact id: '931c353880b3f675538e9198e588f688') in 0.024350 seconds 
  Import took 0.028275 seconds .

========================================================================
Received Import Request.
  Time since last request: 0.003841 seconds.
  path: Assets/03.Prefab/Car.prefab
  artifactKey: Guid(24cc59c50d898df43a1cbabe3e16f5f7) Importer(815301076,1909f56bfc062723c751e8b465ee728b)
Start importing Assets/03.Prefab/Car.prefab using Guid(24cc59c50d898df43a1cbabe3e16f5f7) Importer(815301076,1909f56bfc062723c751e8b465ee728b)  -> (artifact id: '931c353880b3f675538e9198e588f688') in 0.019325 seconds 
  Import took 0.023089 seconds .

========================================================================
Received Import Request.
  Time since last request: 19.302724 seconds.
  path: Assets/01.Script/SpawnCar.cs
  artifactKey: Guid(408328c9628ac1b4eb55e1969c53dd85) Importer(815301076,1909f56bfc062723c751e8b465ee728b)
Start importing Assets/01.Script/SpawnCar.cs using Guid(408328c9628ac1b4eb55e1969c53dd85) Importer(815301076,1909f56bfc062723c751e8b465ee728b)  -> (artifact id: '92dac8d985ad96772d08a807fa120454') in 0.028121 seconds 
  Import took 0.032072 seconds .

========================================================================
Received Prepare
Registering precompiled user dll's ...
Registered in 0.005607 seconds.
Begin MonoManager ReloadAssembly
Native extension for WindowsStandalone target not found
Refreshing native plugins compatible for Editor in 0.45 ms, found 3 plugins.
Preloading 0 native plugins for Editor in 0.00 ms.
Mono: successfully reloaded assembly
- Completed reload, in  1.109 seconds
Platform modules already initialized, skipping
Switching build target platform(19) subTarget(0) extendedPlatform(0) -> platform(13) subTarget(537395200) extendedPlatform(0)
Refreshing native plugins compatible for Editor in 0.42 ms, found 3 plugins.
Preloading 0 native plugins for Editor in 0.00 ms.
Unloading 2084 Unused Serialized files (Serialized files now loaded: 0)
System memory in use before: 95.9 MB.
System memory in use after: 95.9 MB.

Unloading 21 unused Assets to reduce memory usage. Loaded Objects now: 2529.
Total: 2.668100 ms (FindLiveObjects: 0.186500 ms CreateObjectMapping: 0.061000 ms MarkObjects: 2.322900 ms  DeleteObjects: 0.096800 ms)

AssetImportParameters requested are different than current active one (requested -> active):
  custom:framework-win-MediaFoundation: 216162199b28c13a410421893ffa2e32 -> 
  custom:video-decoder-ogg-theora: a1e56fd34408186e4bbccfd4996cb3dc -> 
  custom:container-muxer-webm: aa71ff27fc2769a1b78a27578f13a17b -> 
  custom:container-demuxer-webm: 4f35f7cbe854078d1ac9338744f61a02 -> 
  custom:container-demuxer-ogg: 62fdf1f143b41e24485cea50d1cbac27 -> 
  custom:video-encoder-webm-vp8: eb34c28f22e8b96e1ab97ce403110664 -> 
  custom:video-decoder-webm-vp8: 9c59270c3fd7afecdb556c50c9e8de78 -> 
  custom:graphics/normal-map-encoding: 01000000000000000000000000000000 -> 02000000000000000000000000000000
  custom:audio-decoder-ogg-vorbis: bf7c407c2cedff20999df2af8eb42d56 -> 
  custom:audio-encoder-webm-vorbis: bf7c407c2cedff20999df2af8eb42d56 -> 
========================================================================
Received Prepare
Registering precompiled user dll's ...
Registered in 0.007286 seconds.
Begin MonoManager ReloadAssembly
Native extension for WindowsStandalone target not found
Refreshing native plugins compatible for Editor in 1.06 ms, found 3 plugins.
Preloading 0 native plugins for Editor in 0.00 ms.
Mono: successfully reloaded assembly
- Completed reload, in  1.432 seconds
Platform modules already initialized, skipping
Switching build target platform(19) subTarget(0) extendedPlatform(0) -> platform(13) subTarget(537395200) extendedPlatform(0)
Refreshing native plugins compatible for Editor in 0.50 ms, found 3 plugins.
Preloading 0 native plugins for Editor in 0.00 ms.
Unloading 2084 Unused Serialized files (Serialized files now loaded: 0)
System memory in use before: 95.9 MB.
System memory in use after: 95.9 MB.

Unloading 21 unused Assets to reduce memory usage. Loaded Objects now: 2533.
Total: 3.079200 ms (FindLiveObjects: 0.229800 ms CreateObjectMapping: 0.089000 ms MarkObjects: 2.618900 ms  DeleteObjects: 0.140200 ms)

AssetImportParameters requested are different than current active one (requested -> active):
  custom:framework-win-MediaFoundation: 216162199b28c13a410421893ffa2e32 -> 
  custom:video-decoder-ogg-theora: a1e56fd34408186e4bbccfd4996cb3dc -> 
  custom:container-muxer-webm: aa71ff27fc2769a1b78a27578f13a17b -> 
  custom:container-demuxer-webm: 4f35f7cbe854078d1ac9338744f61a02 -> 
  custom:container-demuxer-ogg: 62fdf1f143b41e24485cea50d1cbac27 -> 
  custom:video-encoder-webm-vp8: eb34c28f22e8b96e1ab97ce403110664 -> 
  custom:video-decoder-webm-vp8: 9c59270c3fd7afecdb556c50c9e8de78 -> 
  custom:graphics/normal-map-encoding: 01000000000000000000000000000000 -> 02000000000000000000000000000000
  custom:audio-decoder-ogg-vorbis: bf7c407c2cedff20999df2af8eb42d56 -> 
  custom:audio-encoder-webm-vorbis: bf7c407c2cedff20999df2af8eb42d56 -> 
AssetImportWorkerClient::OnTransportError - code=2 error=End of file
